<?xml version="1.0" encoding="UTF-8"?>
<testsuite name="ru.shop.service.ProductReturnServiceTest" tests="5" skipped="0" failures="0" errors="0" timestamp="2024-06-03T12:03:49" hostname="DESKTOP-G3CS7JM" time="0.168">
  <properties/>
  <testcase name="shouldFindNotExceptId()" classname="ru.shop.service.ProductReturnServiceTest" time="0.061"/>
  <testcase name="shouldThrowWhenProductReturnNotFound()" classname="ru.shop.service.ProductReturnServiceTest" time="0.082"/>
  <testcase name="shouldFindAll()" classname="ru.shop.service.ProductReturnServiceTest" time="0.003"/>
  <testcase name="shouldGetProductReturn()" classname="ru.shop.service.ProductReturnServiceTest" time="0.003"/>
  <testcase name="shouldAddProductReturn()" classname="ru.shop.service.ProductReturnServiceTest" time="0.011"/>
  <system-out><![CDATA[]]></system-out>
  <system-err><![CDATA[WARNING: A Java agent has been loaded dynamically (C:\Users\allay\.gradle\caches\modules-2\files-2.1\net.bytebuddy\byte-buddy-agent\1.14.12\be4984cb6fd1ef1d11f218a648889dfda44b8a15\byte-buddy-agent-1.14.12.jar)
WARNING: If a serviceability tool is in use, please run with -XX:+EnableDynamicAgentLoading to hide this warning
WARNING: If a serviceability tool is not in use, please run with -Djdk.instrument.traceUsage for more information
WARNING: Dynamic loading of agents will be disallowed by default in a future release
]]></system-err>
</testsuite>
